2026-03-21T00:16:27.339+07:00  INFO 14380 --- [Modern_Fashion_E-commerce_Platform] [restartedMain] odernFashionECommercePlatformApplication : Starting ModernFashionECommercePlatformApplication using Java 18.0.2.1 with PID 14380 (D:\project\web\Modern_Fashion_E-commerce_Platform\target\classes started by boyca in D:\project\web\Modern_Fashion_E-commerce_Platform)
2026-03-21T00:16:27.346+07:00  INFO 14380 --- [Modern_Fashion_E-commerce_Platform] [restartedMain] odernFashionECommercePlatformApplication : No active profile set, falling back to 1 default profile: "default"
2026-03-21T00:16:27.422+07:00  INFO 14380 --- [Modern_Fashion_E-commerce_Platform] [restartedMain] .e.DevToolsPropertyDefaultsPostProcessor : Devtools property defaults active! Set 'spring.devtools.add-properties' to 'false' to disable
2026-03-21T00:16:27.422+07:00  INFO 14380 --- [Modern_Fashion_E-commerce_Platform] [restartedMain] .e.DevToolsPropertyDefaultsPostProcessor : For additional web related logging consider setting the 'logging.level.web' property to 'DEBUG'
2026-03-21T00:16:28.177+07:00  INFO 14380 --- [Modern_Fashion_E-commerce_Platform] [restartedMain] .s.d.r.c.RepositoryConfigurationDelegate : Bootstrapping Spring Data JPA repositories in DEFAULT mode.
2026-03-21T00:16:28.246+07:00  INFO 14380 --- [Modern_Fashion_E-commerce_Platform] [restartedMain] .s.d.r.c.RepositoryConfigurationDelegate : Finished Spring Data repository scanning in 52 ms. Found 1 JPA repository interface.
2026-03-21T00:16:28.898+07:00  INFO 14380 --- [Modern_Fashion_E-commerce_Platform] [restartedMain] o.s.boot.tomcat.TomcatWebServer          : Tomcat initialized with port 8080 (http)
2026-03-21T00:16:28.914+07:00  INFO 14380 --- [Modern_Fashion_E-commerce_Platform] [restartedMain] o.apache.catalina.core.StandardService   : Starting service [Tomcat]
2026-03-21T00:16:28.914+07:00  INFO 14380 --- [Modern_Fashion_E-commerce_Platform] [restartedMain] o.apache.catalina.core.StandardEngine    : Starting Servlet engine: [Apache Tomcat/11.0.18]
2026-03-21T00:16:28.962+07:00  INFO 14380 --- [Modern_Fashion_E-commerce_Platform] [restartedMain] b.w.c.s.WebApplicationContextInitializer : Root WebApplicationContext: initialization completed in 1539 ms
2026-03-21T00:16:29.193+07:00  INFO 14380 --- [Modern_Fashion_E-commerce_Platform] [restartedMain] org.hibernate.orm.jpa                    : HHH008540: Processing PersistenceUnitInfo [name: default]
2026-03-21T00:16:29.283+07:00  INFO 14380 --- [Modern_Fashion_E-commerce_Platform] [restartedMain] org.hibernate.orm.core                   : HHH000001: Hibernate ORM core version 7.2.4.Final
2026-03-21T00:16:29.935+07:00  INFO 14380 --- [Modern_Fashion_E-commerce_Platform] [restartedMain] o.s.o.j.p.SpringPersistenceUnitInfo      : No LoadTimeWeaver setup: ignoring JPA class transformer
2026-03-21T00:16:29.987+07:00  INFO 14380 --- [Modern_Fashion_E-commerce_Platform] [restartedMain] com.zaxxer.hikari.HikariDataSource       : HikariPool-1 - Starting...
2026-03-21T00:16:30.379+07:00  INFO 14380 --- [Modern_Fashion_E-commerce_Platform] [restartedMain] com.zaxxer.hikari.pool.HikariPool        : HikariPool-1 - Added connection com.mysql.cj.jdbc.ConnectionImpl@5523d515
2026-03-21T00:16:30.380+07:00  INFO 14380 --- [Modern_Fashion_E-commerce_Platform] [restartedMain] com.zaxxer.hikari.HikariDataSource       : HikariPool-1 - Start completed.
2026-03-21T00:16:30.510+07:00  WARN 14380 --- [Modern_Fashion_E-commerce_Platform] [restartedMain] org.hibernate.orm.deprecation            : HHH90000025: MySQLDialect does not need to be specified explicitly using 'hibernate.dialect' (remove the property setting and it will be selected by default)
2026-03-21T00:16:30.530+07:00  INFO 14380 --- [Modern_Fashion_E-commerce_Platform] [restartedMain] org.hibernate.orm.connections.pooling    : HHH10001005: Database info:
	Database JDBC URL [jdbc:mysql://localhost:3306/ecommerce_db?useSSL=false&serverTimezone=UTC&allowPublicKeyRetrieval=true]
	Database driver: MySQL Connector/J
	Database dialect: MySQLDialect
	Database version: 8.0.34
	Default catalog/schema: ecommerce_db/undefined
	Autocommit mode: undefined/unknown
	Isolation level: REPEATABLE_READ [default REPEATABLE_READ]
	JDBC fetch size: none
	Pool: DataSourceConnectionProvider
	Minimum pool size: undefined/unknown
	Maximum pool size: undefined/unknown
2026-03-21T00:16:31.945+07:00  INFO 14380 --- [Modern_Fashion_E-commerce_Platform] [restartedMain] org.hibernate.orm.core                   : HHH000489: No JTA platform available (set 'hibernate.transaction.jta.platform' to enable JTA platform integration)
2026-03-21T00:16:32.393+07:00  INFO 14380 --- [Modern_Fashion_E-commerce_Platform] [restartedMain] j.LocalContainerEntityManagerFactoryBean : Initialized JPA EntityManagerFactory for persistence unit 'default'
2026-03-21T00:16:32.996+07:00  INFO 14380 --- [Modern_Fashion_E-commerce_Platform] [restartedMain] o.s.d.j.r.query.QueryEnhancerFactories   : Hibernate is in classpath; If applicable, HQL parser will be used.
2026-03-21T00:16:33.285+07:00  WARN 14380 --- [Modern_Fashion_E-commerce_Platform] [restartedMain] .s.a.UserDetailsServiceAutoConfiguration : 

Using generated security password: e8c24ec5-bd19-4612-aad4-8b70a405f5a6

This generated password is for development use only. Your security configuration must be updated before running your application in production.

2026-03-21T00:16:33.333+07:00  INFO 14380 --- [Modern_Fashion_E-commerce_Platform] [restartedMain] r$InitializeUserDetailsManagerConfigurer : Global AuthenticationManager configured with UserDetailsService bean with name inMemoryUserDetailsManager
2026-03-21T00:16:33.635+07:00  INFO 14380 --- [Modern_Fashion_E-commerce_Platform] [restartedMain] o.s.boot.tomcat.TomcatWebServer          : Tomcat started on port 8080 (http) with context path '/'
2026-03-21T00:16:33.641+07:00  INFO 14380 --- [Modern_Fashion_E-commerce_Platform] [restartedMain] odernFashionECommercePlatformApplication : Started ModernFashionECommercePlatformApplication in 6.893 seconds (process running for 8.179)
2026-03-21T00:28:34.286+07:00  INFO 14380 --- [Modern_Fashion_E-commerce_Platform] [SpringApplicationShutdownHook] o.s.boot.tomcat.GracefulShutdown         : Commencing graceful shutdown. Waiting for active requests to complete
2026-03-21T00:28:34.538+07:00  INFO 14380 --- [Modern_Fashion_E-commerce_Platform] [tomcat-shutdown] o.s.boot.tomcat.GracefulShutdown         : Graceful shutdown complete
2026-03-21T00:28:34.552+07:00  INFO 14380 --- [Modern_Fashion_E-commerce_Platform] [SpringApplicationShutdownHook] j.LocalContainerEntityManagerFactoryBean : Closing JPA EntityManagerFactory for persistence unit 'default'
2026-03-21T00:28:34.570+07:00  INFO 14380 --- [Modern_Fashion_E-commerce_Platform] [SpringApplicationShutdownHook] com.zaxxer.hikari.HikariDataSource       : HikariPool-1 - Shutdown initiated...
2026-03-21T00:28:34.578+07:00  INFO 14380 --- [Modern_Fashion_E-commerce_Platform] [SpringApplicationShutdownHook] com.zaxxer.hikari.HikariDataSource       : HikariPool-1 - Shutdown completed.
2026-03-21T17:25:49.523+07:00  INFO 11516 --- [Modern_Fashion_E-commerce_Platform] [restartedMain] odernFashionECommercePlatformApplication : Starting ModernFashionECommercePlatformApplication using Java 18.0.2.1 with PID 11516 (D:\project\web\Modern_Fashion_E-commerce_Platform\target\classes started by boyca in D:\project\web\Modern_Fashion_E-commerce_Platform)
2026-03-21T17:25:49.528+07:00  INFO 11516 --- [Modern_Fashion_E-commerce_Platform] [restartedMain] odernFashionECommercePlatformApplication : No active profile set, falling back to 1 default profile: "default"
2026-03-21T17:25:49.590+07:00  INFO 11516 --- [Modern_Fashion_E-commerce_Platform] [restartedMain] .e.DevToolsPropertyDefaultsPostProcessor : Devtools property defaults active! Set 'spring.devtools.add-properties' to 'false' to disable
2026-03-21T17:25:49.590+07:00  INFO 11516 --- [Modern_Fashion_E-commerce_Platform] [restartedMain] .e.DevToolsPropertyDefaultsPostProcessor : For additional web related logging consider setting the 'logging.level.web' property to 'DEBUG'
2026-03-21T17:25:50.638+07:00  INFO 11516 --- [Modern_Fashion_E-commerce_Platform] [restartedMain] .s.d.r.c.RepositoryConfigurationDelegate : Bootstrapping Spring Data JPA repositories in DEFAULT mode.
2026-03-21T17:25:51.029+07:00  INFO 11516 --- [Modern_Fashion_E-commerce_Platform] [restartedMain] .s.d.r.c.RepositoryConfigurationDelegate : Finished Spring Data repository scanning in 265 ms. Found 1 JPA repository interface.
2026-03-21T17:25:52.106+07:00  INFO 11516 --- [Modern_Fashion_E-commerce_Platform] [restartedMain] o.s.boot.tomcat.TomcatWebServer          : Tomcat initialized with port 8080 (http)
2026-03-21T17:25:52.122+07:00  INFO 11516 --- [Modern_Fashion_E-commerce_Platform] [restartedMain] o.apache.catalina.core.StandardService   : Starting service [Tomcat]
2026-03-21T17:25:52.123+07:00  INFO 11516 --- [Modern_Fashion_E-commerce_Platform] [restartedMain] o.apache.catalina.core.StandardEngine    : Starting Servlet engine: [Apache Tomcat/11.0.18]
2026-03-21T17:25:52.182+07:00  INFO 11516 --- [Modern_Fashion_E-commerce_Platform] [restartedMain] b.w.c.s.WebApplicationContextInitializer : Root WebApplicationContext: initialization completed in 2592 ms
2026-03-21T17:25:52.429+07:00  INFO 11516 --- [Modern_Fashion_E-commerce_Platform] [restartedMain] org.hibernate.orm.jpa                    : HHH008540: Processing PersistenceUnitInfo [name: default]
2026-03-21T17:25:52.570+07:00  INFO 11516 --- [Modern_Fashion_E-commerce_Platform] [restartedMain] org.hibernate.orm.core                   : HHH000001: Hibernate ORM core version 7.2.4.Final
2026-03-21T17:25:53.168+07:00  INFO 11516 --- [Modern_Fashion_E-commerce_Platform] [restartedMain] o.s.o.j.p.SpringPersistenceUnitInfo      : No LoadTimeWeaver setup: ignoring JPA class transformer
2026-03-21T17:25:53.220+07:00  INFO 11516 --- [Modern_Fashion_E-commerce_Platform] [restartedMain] com.zaxxer.hikari.HikariDataSource       : HikariPool-1 - Starting...
2026-03-21T17:25:53.613+07:00  INFO 11516 --- [Modern_Fashion_E-commerce_Platform] [restartedMain] com.zaxxer.hikari.pool.HikariPool        : HikariPool-1 - Added connection com.mysql.cj.jdbc.ConnectionImpl@3fd73195
2026-03-21T17:25:53.616+07:00  INFO 11516 --- [Modern_Fashion_E-commerce_Platform] [restartedMain] com.zaxxer.hikari.HikariDataSource       : HikariPool-1 - Start completed.
2026-03-21T17:25:53.727+07:00  WARN 11516 --- [Modern_Fashion_E-commerce_Platform] [restartedMain] org.hibernate.orm.deprecation            : HHH90000025: MySQLDialect does not need to be specified explicitly using 'hibernate.dialect' (remove the property setting and it will be selected by default)
2026-03-21T17:25:53.754+07:00  INFO 11516 --- [Modern_Fashion_E-commerce_Platform] [restartedMain] org.hibernate.orm.connections.pooling    : HHH10001005: Database info:
	Database JDBC URL [jdbc:mysql://localhost:3306/ecommerce_db?useSSL=false&serverTimezone=UTC&allowPublicKeyRetrieval=true]
	Database driver: MySQL Connector/J
	Database dialect: MySQLDialect
	Database version: 8.0.34
	Default catalog/schema: ecommerce_db/undefined
	Autocommit mode: undefined/unknown
	Isolation level: REPEATABLE_READ [default REPEATABLE_READ]
	JDBC fetch size: none
	Pool: DataSourceConnectionProvider
	Minimum pool size: undefined/unknown
	Maximum pool size: undefined/unknown
2026-03-21T17:25:55.020+07:00  INFO 11516 --- [Modern_Fashion_E-commerce_Platform] [restartedMain] org.hibernate.orm.core                   : HHH000489: No JTA platform available (set 'hibernate.transaction.jta.platform' to enable JTA platform integration)
2026-03-21T17:25:55.131+07:00  INFO 11516 --- [Modern_Fashion_E-commerce_Platform] [restartedMain] j.LocalContainerEntityManagerFactoryBean : Initialized JPA EntityManagerFactory for persistence unit 'default'
2026-03-21T17:25:55.277+07:00  WARN 11516 --- [Modern_Fashion_E-commerce_Platform] [restartedMain] .s.a.UserDetailsServiceAutoConfiguration : 

Using generated security password: 9802affd-887e-4f1c-a797-e01c3d9d020c

This generated password is for development use only. Your security configuration must be updated before running your application in production.

2026-03-21T17:25:55.287+07:00  INFO 11516 --- [Modern_Fashion_E-commerce_Platform] [restartedMain] r$InitializeUserDetailsManagerConfigurer : Global AuthenticationManager configured with UserDetailsService bean with name inMemoryUserDetailsManager
2026-03-21T17:25:55.935+07:00  INFO 11516 --- [Modern_Fashion_E-commerce_Platform] [restartedMain] o.s.d.j.r.query.QueryEnhancerFactories   : Hibernate is in classpath; If applicable, HQL parser will be used.
2026-03-21T17:25:56.706+07:00  INFO 11516 --- [Modern_Fashion_E-commerce_Platform] [restartedMain] o.s.boot.tomcat.TomcatWebServer          : Tomcat started on port 8080 (http) with context path '/'
2026-03-21T17:25:56.723+07:00  INFO 11516 --- [Modern_Fashion_E-commerce_Platform] [restartedMain] odernFashionECommercePlatformApplication : Started ModernFashionECommercePlatformApplication in 7.937 seconds (process running for 10.182)
2026-03-21T17:26:53.960+07:00  INFO 11516 --- [Modern_Fashion_E-commerce_Platform] [SpringApplicationShutdownHook] o.s.boot.tomcat.GracefulShutdown         : Commencing graceful shutdown. Waiting for active requests to complete
2026-03-21T17:26:54.140+07:00  INFO 11516 --- [Modern_Fashion_E-commerce_Platform] [tomcat-shutdown] o.s.boot.tomcat.GracefulShutdown         : Graceful shutdown complete
2026-03-21T17:26:54.143+07:00  INFO 11516 --- [Modern_Fashion_E-commerce_Platform] [SpringApplicationShutdownHook] j.LocalContainerEntityManagerFactoryBean : Closing JPA EntityManagerFactory for persistence unit 'default'
2026-03-21T17:26:54.145+07:00  INFO 11516 --- [Modern_Fashion_E-commerce_Platform] [SpringApplicationShutdownHook] com.zaxxer.hikari.HikariDataSource       : HikariPool-1 - Shutdown initiated...
2026-03-21T17:26:54.147+07:00  INFO 11516 --- [Modern_Fashion_E-commerce_Platform] [SpringApplicationShutdownHook] com.zaxxer.hikari.HikariDataSource       : HikariPool-1 - Shutdown completed.
